<?xml version="1.0" encoding="UTF-8"?>
<testsuite xmlns:xsi="http://www.w3.org/2001/XMLSchema-instance" xsi:noNamespaceSchemaLocation="https://maven.apache.org/surefire/maven-surefire-plugin/xsd/surefire-test-report.xsd" name="de.ttsa.TestClasses.OpCodePlayerTester.PlayerFunktionTest" time="0.059" tests="2" errors="0" skipped="0" failures="0">
  <properties>
    <property name="java.specification.version" value="17"/>
    <property name="sun.jnu.encoding" value="UTF-8"/>
    <property name="java.class.path" value="/home/leodora/Documents/Dev/DevProjects/Java/Text to Speech Adventure/target/test-classes:/home/leodora/Documents/Dev/DevProjects/Java/Text to Speech Adventure/target/classes:/home/leodora/.m2/repository/junit/junit/4.11/junit-4.11.jar:/home/leodora/.m2/repository/org/hamcrest/hamcrest-core/1.3/hamcrest-core-1.3.jar:"/>
    <property name="java.vm.vendor" value="Red Hat, Inc."/>
    <property name="sun.arch.data.model" value="64"/>
    <property name="java.vendor.url" value="https://www.redhat.com/"/>
    <property name="os.name" value="Linux"/>
    <property name="java.vm.specification.version" value="17"/>
    <property name="sun.java.launcher" value="SUN_STANDARD"/>
    <property name="user.country" value="US"/>
    <property name="sun.boot.library.path" value="/usr/lib/jvm/java-17-openjdk-17.0.9.0.9-3.fc39.x86_64/lib"/>
    <property name="sun.java.command" value="/home/leodora/Documents/Dev/DevProjects/Java/Text to Speech Adventure/target/surefire/surefirebooter8591992396080524601.jar /home/leodora/Documents/Dev/DevProjects/Java/Text to Speech Adventure/target/surefire 2024-01-21T07-07-02_367-jvmRun1 surefire1402085424514126954tmp surefire_0987281583170775669tmp"/>
    <property name="jdk.debug" value="release"/>
    <property name="surefire.test.class.path" value="/home/leodora/Documents/Dev/DevProjects/Java/Text to Speech Adventure/target/test-classes:/home/leodora/Documents/Dev/DevProjects/Java/Text to Speech Adventure/target/classes:/home/leodora/.m2/repository/junit/junit/4.11/junit-4.11.jar:/home/leodora/.m2/repository/org/hamcrest/hamcrest-core/1.3/hamcrest-core-1.3.jar:"/>
    <property name="sun.cpu.endian" value="little"/>
    <property name="user.home" value="/home/leodora"/>
    <property name="user.language" value="en"/>
    <property name="java.specification.vendor" value="Oracle Corporation"/>
    <property name="java.version.date" value="2023-10-17"/>
    <property name="java.home" value="/usr/lib/jvm/java-17-openjdk-17.0.9.0.9-3.fc39.x86_64"/>
    <property name="file.separator" value="/"/>
    <property name="basedir" value="/home/leodora/Documents/Dev/DevProjects/Java/Text to Speech Adventure"/>
    <property name="java.vm.compressedOopsMode" value="Zero based"/>
    <property name="line.separator" value="&#10;"/>
    <property name="java.vm.specification.vendor" value="Oracle Corporation"/>
    <property name="java.specification.name" value="Java Platform API Specification"/>
    <property name="surefire.real.class.path" value="/home/leodora/Documents/Dev/DevProjects/Java/Text to Speech Adventure/target/surefire/surefirebooter8591992396080524601.jar"/>
    <property name="sun.management.compiler" value="HotSpot 64-Bit Tiered Compilers"/>
    <property name="java.runtime.version" value="17.0.9+9"/>
    <property name="user.name" value="leodora"/>
    <property name="path.separator" value=":"/>
    <property name="os.version" value="6.6.11-200.fc39.x86_64"/>
    <property name="java.runtime.name" value="OpenJDK Runtime Environment"/>
    <property name="file.encoding" value="UTF-8"/>
    <property name="java.vm.name" value="OpenJDK 64-Bit Server VM"/>
    <property name="java.vendor.version" value="(Red_Hat-17.0.9.0.9-4)"/>
    <property name="localRepository" value="/home/leodora/.m2/repository"/>
    <property name="java.vendor.url.bug" value="https://bugzilla.redhat.com/enter_bug.cgi?product=Fedora&amp;component=java-17-openjdk&amp;version=38"/>
    <property name="java.io.tmpdir" value="/tmp"/>
    <property name="java.version" value="17.0.9"/>
    <property name="user.dir" value="/home/leodora/Documents/Dev/DevProjects/Java/Text to Speech Adventure"/>
    <property name="os.arch" value="amd64"/>
    <property name="java.vm.specification.name" value="Java Virtual Machine Specification"/>
    <property name="native.encoding" value="UTF-8"/>
    <property name="java.library.path" value="/usr/java/packages/lib:/usr/lib64:/lib64:/lib:/usr/lib"/>
    <property name="java.vm.info" value="mixed mode, sharing"/>
    <property name="java.vendor" value="Red Hat, Inc."/>
    <property name="java.vm.version" value="17.0.9+9"/>
    <property name="sun.io.unicode.encoding" value="UnicodeLittle"/>
    <property name="java.class.version" value="61.0"/>
  </properties>
  <testcase name="testEmptyFile" classname="de.ttsa.TestClasses.OpCodePlayerTester.PlayerFunktionTest" time="0.008"/>
  <testcase name="testNoneExistingFile" classname="de.ttsa.TestClasses.OpCodePlayerTester.PlayerFunktionTest" time="0"/>
</testsuite>