<?xml version="1.0" encoding="UTF-8"?>
<testsuite xmlns:xsi="http://www.w3.org/2001/XMLSchema-instance" xsi:noNamespaceSchemaLocation="https://maven.apache.org/surefire/maven-surefire-plugin/xsd/surefire-test-report.xsd" name="de.ttsa.TestClasses.OpCodePlayerTester.PlayerRoomTest" time="0.011" tests="5" errors="0" skipped="0" failures="0">
  <properties>
    <property name="java.specification.version" value="21"/>
    <property name="sun.cpu.isalist" value="amd64"/>
    <property name="sun.jnu.encoding" value="Cp1252"/>
    <property name="java.class.path" value="C:\Users\Uni\Documents\Dev Private\Text-to-Speech-Adventure\target\test-classes;C:\Users\Uni\Documents\Dev Private\Text-to-Speech-Adventure\target\classes;C:\Users\Uni\.m2\repository\junit\junit\4.11\junit-4.11.jar;C:\Users\Uni\.m2\repository\org\hamcrest\hamcrest-core\1.3\hamcrest-core-1.3.jar;"/>
    <property name="java.vm.vendor" value="Oracle Corporation"/>
    <property name="sun.arch.data.model" value="64"/>
    <property name="user.variant" value=""/>
    <property name="java.vendor.url" value="https://java.oracle.com/"/>
    <property name="user.timezone" value="Europe/Berlin"/>
    <property name="os.name" value="Windows 11"/>
    <property name="java.vm.specification.version" value="21"/>
    <property name="sun.java.launcher" value="SUN_STANDARD"/>
    <property name="user.country" value="DE"/>
    <property name="sun.boot.library.path" value="C:\graalvm-jdk-21_windows-x64_bin\graalvm-jdk-21.0.1+12.1\bin"/>
    <property name="sun.java.command" value="C:\Users\Uni\AppData\Local\Temp\surefire2691349500018751123\surefirebooter13744399349476289224.jar C:\Users\Uni\AppData\Local\Temp\surefire2691349500018751123 2024-01-31T10-49-49_384-jvmRun1 surefire13028720135393421231tmp surefire_014611346748530453271tmp"/>
    <property name="jdk.debug" value="release"/>
    <property name="surefire.test.class.path" value="C:\Users\Uni\Documents\Dev Private\Text-to-Speech-Adventure\target\test-classes;C:\Users\Uni\Documents\Dev Private\Text-to-Speech-Adventure\target\classes;C:\Users\Uni\.m2\repository\junit\junit\4.11\junit-4.11.jar;C:\Users\Uni\.m2\repository\org\hamcrest\hamcrest-core\1.3\hamcrest-core-1.3.jar;"/>
    <property name="sun.cpu.endian" value="little"/>
    <property name="user.home" value="C:\Users\Uni"/>
    <property name="user.language" value="de"/>
    <property name="java.specification.vendor" value="Oracle Corporation"/>
    <property name="java.version.date" value="2023-10-17"/>
    <property name="java.home" value="C:\graalvm-jdk-21_windows-x64_bin\graalvm-jdk-21.0.1+12.1"/>
    <property name="file.separator" value="\"/>
    <property name="basedir" value="C:\Users\Uni\Documents\Dev Private\Text-to-Speech-Adventure"/>
    <property name="java.vm.compressedOopsMode" value="Zero based"/>
    <property name="jdk.internal.vm.ci.enabled" value="true"/>
    <property name="line.separator" value="&#10;"/>
    <property name="java.vm.specification.vendor" value="Oracle Corporation"/>
    <property name="java.specification.name" value="Java Platform API Specification"/>
    <property name="surefire.real.class.path" value="C:\Users\Uni\AppData\Local\Temp\surefire2691349500018751123\surefirebooter13744399349476289224.jar"/>
    <property name="user.script" value=""/>
    <property name="sun.management.compiler" value="HotSpot 64-Bit Tiered Compilers"/>
    <property name="java.runtime.version" value="21.0.1+12-jvmci-23.1-b19"/>
    <property name="user.name" value="Uni"/>
    <property name="stdout.encoding" value="Cp1252"/>
    <property name="path.separator" value=";"/>
    <property name="os.version" value="10.0"/>
    <property name="java.runtime.name" value="Java(TM) SE Runtime Environment"/>
    <property name="file.encoding" value="UTF-8"/>
    <property name="java.vm.name" value="Java HotSpot(TM) 64-Bit Server VM"/>
    <property name="java.vendor.version" value="Oracle GraalVM 21.0.1+12.1"/>
    <property name="localRepository" value="C:\Users\Uni\.m2\repository"/>
    <property name="java.vendor.url.bug" value="https://bugreport.java.com/bugreport/"/>
    <property name="java.io.tmpdir" value="C:\Users\Uni\AppData\Local\Temp\"/>
    <property name="java.version" value="21.0.1"/>
    <property name="user.dir" value="C:\Users\Uni\Documents\Dev Private\Text-to-Speech-Adventure"/>
    <property name="os.arch" value="amd64"/>
    <property name="java.vm.specification.name" value="Java Virtual Machine Specification"/>
    <property name="sun.os.patch.level" value=""/>
    <property name="native.encoding" value="Cp1252"/>
    <property name="java.library.path" value="C:\graalvm-jdk-21_windows-x64_bin\graalvm-jdk-21.0.1+12.1\bin;C:\WINDOWS\Sun\Java\bin;C:\WINDOWS\system32;C:\WINDOWS;C:\graalvm-jdk-21_windows-x64_bin\graalvm-jdk-21.0.1+12.1\bin;C:\graalvm-jdk-21_windows-x64_bin\graalvm-jdk-21.0.1+12.1\bin;C:\graalvm-jdk-21_windows-x64_bin\graalvm-jdk-21.0.1+12.1\bin;C:\WINDOWS\System32;C:\Program Files (x86)\Windows Kits\10\Windows Performance Toolkit\;C:\graalvm-jdk-21_windows-x64_bin\graalvm-jdk-21.0.1+12.1\bin;C:\apache-maven-3.9.5\bin;C:\SQLite;C:\Program Files\Eigene Programme zum Starten;;C:\Program Files (x86)\Windows Kits\10\Windows Performance Toolkit\;C:\graalvm-jdk-21_windows-x64_bin\graalvm-jdk-21.0.1+12.1\bin;C:\apache-maven-3.9.5\bin;C:\SQLite;C:\Program Files\Eigene Programme zum Starten;;C:\Program Files (x86)\Windows Kits\10\Windows Performance Toolkit\;C:\graalvm-jdk-21_windows-x64_bin\graalvm-jdk-21.0.1+12.1\bin;C:\apache-maven-3.9.5\bin;C:\SQLite;C:\Program Files\Eigene Programme zum Starten;C:\Users\Uni\AppData\Local\Microsoft\WindowsApps;C:\Users\Uni\AppData\Local\Programs\Microsoft VS Code\bin;C:\Users\Uni\AppData\Local\Programs\Git\cmd;C:\Users\Uni\AppData\Local\JetBrains\Toolbox\scripts;;."/>
    <property name="java.vm.info" value="mixed mode, sharing"/>
    <property name="stderr.encoding" value="Cp1252"/>
    <property name="java.vendor" value="Oracle Corporation"/>
    <property name="java.vm.version" value="21.0.1+12-jvmci-23.1-b19"/>
    <property name="sun.io.unicode.encoding" value="UnicodeLittle"/>
    <property name="java.class.version" value="65.0"/>
  </properties>
  <testcase name="testRoomEmptyNameWithSpace" classname="de.ttsa.TestClasses.OpCodePlayerTester.PlayerRoomTest" time="0"/>
  <testcase name="testRoomEmpty" classname="de.ttsa.TestClasses.OpCodePlayerTester.PlayerRoomTest" time="0.002"/>
  <testcase name="testRoomEmptyWithCharAsNumber" classname="de.ttsa.TestClasses.OpCodePlayerTester.PlayerRoomTest" time="0"/>
  <testcase name="testRoomEmptyWithUnvalideRange" classname="de.ttsa.TestClasses.OpCodePlayerTester.PlayerRoomTest" time="0"/>
  <testcase name="testRoomWithSay" classname="de.ttsa.TestClasses.OpCodePlayerTester.PlayerRoomTest" time="0.003"/>
</testsuite>